<?xml version="1.0" encoding="utf-8"?><testsuites name="pytest tests"><testsuite name="pytest" errors="0" failures="0" skipped="0" tests="15" time="14.280" timestamp="2026-06-01T13:20:53.074445+00:00" hostname="agent-env-4eea507a-838f-4b91-b743-0613506fdb23"><testcase classname="backend.tests.test_iteration2_backend" name="test_chat_without_pet_returns_name_me" time="0.304" /><testcase classname="backend.tests.test_iteration2_backend" name="test_chat_create_pet_first" time="0.056" /><testcase classname="backend.tests.test_iteration2_backend" name="test_chat_joke_with_pet" time="3.162" /><testcase classname="backend.tests.test_iteration2_backend" name="test_chat_with_history" time="2.144" /><testcase classname="backend.tests.test_iteration2_backend" name="test_prefs_defaults_fresh_device" time="0.054" /><testcase classname="backend.tests.test_iteration2_backend" name="test_save_sound_prefs_and_retrieve" time="0.097" /><testcase classname="backend.tests.test_iteration2_backend" name="test_session_deep_increments_and_returns_message" time="3.226" /><testcase classname="backend.tests.test_iteration2_backend" name="test_session_flow_increments" time="2.547" /><testcase classname="backend.tests.test_iteration2_backend" name="test_session_break_does_not_increment_and_null_message" time="0.097" /><testcase classname="backend.tests.test_iteration2_backend" name="test_prefs_today_sessions_persists" time="0.049" /><testcase classname="backend.tests.test_iteration2_backend" name="test_regression_root" time="0.049" /><testcase classname="backend.tests.test_iteration2_backend" name="test_regression_notes" time="0.151" /><testcase classname="backend.tests.test_iteration2_backend" name="test_regression_nudge" time="2.040" /><testcase classname="backend.tests.test_iteration2_backend" name="test_regression_reminders_due_empty" time="0.051" /><testcase classname="backend.tests.test_iteration2_backend" name="test_zz_cleanup" time="0.016" /></testsuite></testsuites>