<?xml version="1.0" encoding="utf-8"?><testsuites name="pytest tests"><testsuite name="pytest" errors="0" failures="0" skipped="0" tests="17" time="94.401" timestamp="2026-06-01T13:03:11.280475+00:00" hostname="agent-env-4eea507a-838f-4b91-b743-0613506fdb23"><testcase classname="backend.tests.test_pet_backend" name="test_root_returns_purr" time="0.252" /><testcase classname="backend.tests.test_pet_backend" name="test_get_pet_first_time_null" time="0.058" /><testcase classname="backend.tests.test_pet_backend" name="test_create_pet" time="0.052" /><testcase classname="backend.tests.test_pet_backend" name="test_get_pet_after_create" time="0.047" /><testcase classname="backend.tests.test_pet_backend" name="test_pet_heartbeat" time="0.047" /><testcase classname="backend.tests.test_pet_backend" name="test_pet_welcome_back_after_gap" time="3.302" /><testcase classname="backend.tests.test_pet_backend" name="test_create_and_list_notes" time="0.093" /><testcase classname="backend.tests.test_pet_backend" name="test_delete_note" time="0.143" /><testcase classname="backend.tests.test_pet_backend" name="test_create_reminder_in_1_min" time="2.540" /><testcase classname="backend.tests.test_pet_backend" name="test_create_reminder_lunch_at_1pm" time="2.025" /><testcase classname="backend.tests.test_pet_backend" name="test_list_reminders" time="0.051" /><testcase classname="backend.tests.test_pet_backend" name="test_due_reminders_fires_after_wait" time="77.999" /><testcase classname="backend.tests.test_pet_backend" name="test_delete_reminder" time="3.278" /><testcase classname="backend.tests.test_pet_backend" name="test_nudge_returns_message" time="2.002" /><testcase classname="backend.tests.test_pet_backend" name="test_nudge_with_used_lines" time="2.213" /><testcase classname="backend.tests.test_pet_backend" name="test_nudge_no_pet_returns_null" time="0.052" /><testcase classname="backend.tests.test_pet_backend" name="test_zz_cleanup" time="0.003" /></testsuite></testsuites>